<?xml version="1.0" encoding="UTF-8"?>
<!-- Generated by org.testng.reporters.JUnitReportReporter -->
<testsuite hostname="DESKTOP-0MF6DQA" name="com.training.sanity.tests.LoginTests" tests="1" failures="0" timestamp="11 Nov 2019 22:58:59 GMT" time="40.780" errors="0">
  <testcase name="validLoginTest" time="40.780" classname="com.training.sanity.tests.LoginTests"/>
</testsuite> <!-- com.training.sanity.tests.LoginTests -->
