<?xml version="1.0" encoding="UTF-8"?>
<!-- Generated by org.testng.reporters.JUnitReportReporter -->
<testsuite hostname="DESKTOP-0MF6DQA" name="com.training.sanity.tests.CheckwithLoginTests" tests="1" failures="0" timestamp="27 Sep 2019 05:09:14 GMT" time="90.681" errors="0">
  <testcase name="validLoginFunTest" time="90.681" classname="com.training.sanity.tests.CheckwithLoginTests"/>
</testsuite> <!-- com.training.sanity.tests.CheckwithLoginTests -->
